1588209449369	mozrunner::runner	INFO	Running command: "C:\\Program Files\\Mozilla Firefox\\firefox.exe" "-marionette" "-foreground" "-no-remote" "-profile" "C:\\Users\\NILESH~1\\AppData\\Local\\Temp\\rust_mozprofileTyj59l"
1588209450613	addons.webextension.doh-rollout@mozilla.org	WARN	Loading extension 'doh-rollout@mozilla.org': Reading manifest: Invalid extension permission: networkStatus
1588209453597	addons.webextension.screenshots@mozilla.org	WARN	Loading extension 'screenshots@mozilla.org': Reading manifest: Invalid extension permission: mozillaAddons
1588209453597	addons.webextension.screenshots@mozilla.org	WARN	Loading extension 'screenshots@mozilla.org': Reading manifest: Invalid extension permission: telemetry
1588209453597	addons.webextension.screenshots@mozilla.org	WARN	Loading extension 'screenshots@mozilla.org': Reading manifest: Invalid extension permission: resource://pdf.js/
1588209453597	addons.webextension.screenshots@mozilla.org	WARN	Loading extension 'screenshots@mozilla.org': Reading manifest: Invalid extension permission: about:reader*
JavaScript error: resource://gre/modules/XULStore.jsm, line 66: Error: Can't find profile directory.
1588209467016	Marionette	INFO	Listening on port 49923
1588209467397	Marionette	WARN	TLS certificate errors will be ignored for this session
1588209484444	Marionette	WARN	TimedPromise timed out after 500 ms: stacktrace:
TimedPromise/<@chrome://marionette/content/sync.js:244:13
TimedPromise@chrome://marionette/content/sync.js:229:10
interaction.flushEventLoop@chrome://marionette/content/interaction.js:416:10
webdriverClickElement@chrome://marionette/content/interaction.js:182:31
1588209495847	Marionette	WARN	TimedPromise timed out after 500 ms: stacktrace:
TimedPromise/<@chrome://marionette/content/sync.js:244:13
TimedPromise@chrome://marionette/content/sync.js:229:10
interaction.flushEventLoop@chrome://marionette/content/interaction.js:416:10
webdriverClickElement@chrome://marionette/content/interaction.js:182:31
JavaScript error: resource://gre/modules/IndexedDB.jsm, line 370: UnknownError: IDBDatabase.transaction: Can't start IndexedDB transaction during shutdown
1588209891253	Marionette	INFO	Stopped listening on port 49923

###!!! [Child][RunMessage] Error: Channel closing: too late to send/recv, messages will be lost


###!!! [Child][MessageChannel::SendAndWait] Error: Channel error: cannot send/recv

addons.webextension.screenshots@mozilla.org	WARN	Loading extension 'screenshots@mozilla.org': Reading manifest: Invalid extension permission: mozillaAddons
1588209804068	addons.webextension.screenshots@mozilla.org	WARN	Loading extension 'screenshots@mozilla.org': Reading manifest: Invalid extension permission: telemetry
1588209804069	addons.webextension.screenshots@mozilla.org	WARN	Loading extension 'screenshots@mozilla.org': Reading manifest: Invalid extension permission: resource://pdf.js/
1588209804069	addons.webextension.screenshots@mozilla.org	WARN	Loading extension 'screenshots@mozilla.org': Reading manifest: Invalid extension permission: about:reader*
JavaScript error: resource://gre/modules/XULStore.jsm, line 66: Error: Can't find profile directory.
1588209807231	Marionette	INFO	Listening on port 50044
1588209807610	Marionette	WARN	TLS certificate errors will be ignored for this session
1588209892905	Marionette	INFO	Stopped listening on port 50044

###!!! [Child][RunMessage] Error: Channel closing: too late to send/recv, messages will be lost


###!!! [Child][MessageChannel::SendAndWait] Error: Channel error: cannot send/recv

1588210327300	mozrunner::runner	INFO	Running command: "C:\\Program Files\\Mozilla Firefox\\firefox.exe" "-marionette" "-foreground" "-no-remote" "-profile" "C:\\Users\\NILESH~1\\AppData\\Local\\Temp\\rust_mozprofileLaR8Cr"
1588210328169	addons.webextension.doh-rollout@mozilla.org	WARN	Loading extension 'doh-rollout@mozilla.org': Reading manifest: Invalid extension permission: networkStatus
1588210330273	addons.webextension.screenshots@mozilla.org	WARN	Loading extension 'screenshots@mozilla.org': Reading manifest: Invalid extension permission: mozillaAddons
1588210330273	addons.webextension.screenshots@mozilla.org	WARN	Loading extension 'screenshots@mozilla.org': Reading manifest: Invalid extension permission: telemetry
1588210330274	addons.webextension.screenshots@mozilla.org	WARN	Loading extension 'screenshots@mozilla.org': Reading manifest: Invalid extension permission: resource://pdf.js/
1588210330274	addons.webextension.screenshots@mozilla.org	WARN	Loading extension 'screenshots@mozilla.org': Reading manifest: Invalid extension permission: about:reader*
JavaScript error: resource://gre/modules/XULStore.jsm, line 66: Error: Can't find profile directory.
1588210332975	Marionette	INFO	Listening on port 50230
1588210333054	Marionette	WARN	TLS certificate errors will be ignored for this session

###!!! [Child][MessageChannel] Error: (msgtype=0x580011,name=PHttpChannel::Msg___delete__) Channel closing: too late to send/recv, messages will be lost

1588210358234	Marionette	INFO	Stopped listening on port 50230

###!!! [Child][RunMessage] Error: Channel closing: too late to send/recv, messages will be lost


###!!! [Child][MessageChannel::SendAndWait] Error: Channel error: cannot send/recv

1588210518582	mozrunner::runner	INFO	Running command: "C:\\Program Files\\Mozilla Firefox\\firefox.exe" "-marionette" "-foreground" "-no-remote" "-profile" "C:\\Users\\NILESH~1\\AppData\\Local\\Temp\\rust_mozprofile0Cwknk"
1588210519349	addons.webextension.doh-rollout@mozilla.org	WARN	Loading extension 'doh-rollout@mozilla.org': Reading manifest: Invalid extension permission: networkStatus
1588210521880	addons.webextension.screenshots@mozilla.org	WARN	Loading extension 'screenshots@mozilla.org': Reading manifest: Invalid extension permission: mozillaAddons
1588210521880	addons.webextension.screenshots@mozilla.org	WARN	Loading extension 'screenshots@mozilla.org': Reading manifest: Invalid extension permission: telemetry
1588210521881	addons.webextension.screenshots@mozilla.org	WARN	Loading extension 'screenshots@mozilla.org': Reading manifest: Invalid extension permission: resource://pdf.js/
1588210521881	addons.webextension.screenshots@mozilla.org	WARN	Loading extension 'screenshots@mozilla.org': Reading manifest: Invalid extension permission: about:reader*
JavaScript error: resource://gre/modules/XULStore.jsm, line 66: Error: Can't find profile directory.
1588210524749	Marionette	INFO	Listening on port 50307
1588210524833	Marionette	WARN	TLS certificate errors will be ignored for this session
1588210555583	Marionette	INFO	Stopped listening on port 50307

###!!! [Child][RunMessage] Error: Channel closing: too late to send/recv, messages will be lost


###!!! [Child][MessageChannel::SendAndWait] Error: Channel error: cannot send/recv

1588211581376	mozrunner::runner	INFO	Running command: "C:\\Program Files\\Mozilla Firefox\\firefox.exe" "-marionette" "-foreground" "-no-remote" "-profile" "C:\\Users\\NILESH~1\\AppData\\Local\\Temp\\rust_mozprofile7p07kd"
1588211582219	addons.webextension.doh-rollout@mozilla.org	WARN	Loading extension 'doh-rollout@mozilla.org': Reading manifest: Invalid extension permission: networkStatus
1588211584580	addons.webextension.screenshots@mozilla.org	WARN	Loading extension 'screenshots@mozilla.org': Reading manifest: Invalid extension permission: mozillaAddons
1588211584580	addons.webextension.screenshots@mozilla.org	WARN	Loading extension 'screenshots@mozilla.org': Reading manifest: Invalid extension permission: telemetry
1588211584580	addons.webextension.screenshots@mozilla.org	WARN	Loading extension 'screenshots@mozilla.org': Reading manifest: Invalid extension permission: resource://pdf.js/
1588211584581	addons.webextension.screenshots@mozilla.org	WARN	Loading extension 'screenshots@mozilla.org': Reading manifest: Invalid extension permission: about:reader*
JavaScript error: resource://gre/modules/XULStore.jsm, line 66: Error: Can't find profile directory.
1588211587005	Marionette	INFO	Listening on port 50477
1588211587144	Marionette	WARN	TLS certificate errors will be ignored for this session

###!!! [Child][RunMessage] Error: Channel closing: too late to send/recv, messages will be lost

1588211629284	Marionette	INFO	Stopped listening on port 50477

###!!! [Child][RunMessage] Error: Channel closing: too late to send/recv, messages will be lost


###!!! [Child][MessageChannel::SendAndWait] Error: Channel error: cannot send/recv

lid extension permission: networkStatus
1588211616417	addons.webextension.screenshots@mozilla.org	WARN	Loading extension 'screenshots@mozilla.org': Reading manifest: Invalid extension permission: mozillaAddons
1588211616417	addons.webextension.screenshots@mozilla.org	WARN	Loading extension 'screenshots@mozilla.org': Reading manifest: Invalid extension permission: telemetry
1588211616417	addons.webextension.screenshots@mozilla.org	WARN	Loading extension 'screenshots@mozilla.org': Reading manifest: Invalid extension permission: resource://pdf.js/
1588211616417	addons.webextension.screenshots@mozilla.org	WARN	Loading extension 'screenshots@mozilla.org': Reading manifest: Invalid extension permission: about:reader*
JavaScript error: resource://gre/modules/XULStore.jsm, line 66: Error: Can't find profile directory.
1588211618974	Marionette	INFO	Listening on port 50542
1588211619354	Marionette	WARN	TLS certificate errors will be ignored for this session
1588211661245	Marionette	INFO	Stopped listening on port 50542

###!!! [Child][RunMessage] Error: Channel closing: too late to send/recv, messages will be lost


###!!! [Child][MessageChannel::SendAndWait] Error: Channel error: cannot send/recv

1588215625686	mozrunner::runner	INFO	Running command: "C:\\Program Files\\Mozilla Firefox\\firefox.exe" "-marionette" "-foreground" "-no-remote" "-profile" "C:\\Users\\NILESH~1\\AppData\\Local\\Temp\\rust_mozprofileI2NMLW"
1588215626457	addons.webextension.doh-rollout@mozilla.org	WARN	Loading extension 'doh-rollout@mozilla.org': Reading manifest: Invalid extension permission: networkStatus
1588215629044	addons.webextension.screenshots@mozilla.org	WARN	Loading extension 'screenshots@mozilla.org': Reading manifest: Invalid extension permission: mozillaAddons
1588215629044	addons.webextension.screenshots@mozilla.org	WARN	Loading extension 'screenshots@mozilla.org': Reading manifest: Invalid extension permission: telemetry
1588215629044	addons.webextension.screenshots@mozilla.org	WARN	Loading extension 'screenshots@mozilla.org': Reading manifest: Invalid extension permission: resource://pdf.js/
1588215629045	addons.webextension.screenshots@mozilla.org	WARN	Loading extension 'screenshots@mozilla.org': Reading manifest: Invalid extension permission: about:reader*
JavaScript error: resource://gre/modules/XULStore.jsm, line 66: Error: Can't find profile directory.
1588215631956	Marionette	INFO	Listening on port 51014
1588215631975	Marionette	WARN	TLS certificate errors will be ignored for this session
console.error: services.settings: 
  Message: TypeError: NetworkError when attempting to fetch resource.
  Stack:
    [13]</timedFetch/<@resource://services-common/kinto-http-client.js:2899:12
timedFetch@resource://services-common/kinto-http-client.js:2869:12
request@resource://services-common/kinto-http-client.js:2980:33
execute@resource://services-common/kinto-http-client.js:813:36
getData@resource://services-common/kinto-http-client.js:2065:27
pullMetadata@resource://services-common/kinto-offline-client.js:2229:41
maybeSync@resource://services-settings/RemoteSettingsClient.jsm:507:52


###!!! [Child][MessageChannel] Error: (msgtype=0x580011,name=PHttpChannel::Msg___delete__) Channel closing: too late to send/recv, messages will be lost

console.error: services.settings: 
  Message: NetworkOfflineError: Network is offline
  Stack:
    NetworkOfflineError@resource://services-settings/RemoteSettingsClient.jsm:119:5
maybeSync@resource://services-settings/RemoteSettingsClient.jsm:439:15
remoteSettingsFunction/remoteSettings.pollChanges@resource://services-settings/remote-settings.js:314:22
observe@resource://gre/modules/AsyncShutdown.jsm:551:16

console.error: services.settings: 
  Message: NetworkOfflineError: Network is offline
  Stack:
    NetworkOfflineError@resource://servic
###!!! [Child][MessageChannel] Error: (msgtype=0x580011,name=PHttpChannel::Msg___delete__) Channel closing: too late to send/recv, messages will be lost

[Parent 7716, Gecko_IOThread] WARNING: file Z:/task_1585933993/build/src/ipc/chromium/src/base/process_util_win.cc, line 166
console.error: services.settings: 
  Message: TypeError: NetworkError when attempting to fetch resource.
  Stack:
    _validateCollectionSignature@resource://services-settings/RemoteSettingsClient.jsm:781:36
maybeSync@resource://services-settings/RemoteSettingsClient.jsm:522:26
observe@resource://gre/modules/AsyncShutdown.jsm:551:16

console.error: services.settings: 
  Message: NetworkOfflineError: Network is offline
  Stack:
    NetworkOfflineError@resource://services-settings/RemoteSettingsClient.jsm:119:5
maybeSync@resource://services-settings/RemoteSettingsClient.jsm:439:15
remoteSettingsFunction/remoteSettings.pollChanges@resource://services-settings/remote-settings.js:314:22
observe@resource://gre/modules/AsyncShutdown.jsm:551:16

console.error: services.settings: 
  Message: NetworkOfflineError: Networconsole.error: (new Error("SessionFile is closed", "resource:///modules/sessionstore/SessionFile.jsm", 433))
1588216110979	Marionette	INFO	Stopped listening on port 51014

###!!! [Child][MessageChannel::SendAndWait] Error: Channel error: cannot send/recv

etworkError when attempting to fetch resource.
  Stack:
    _validateCollectionSignconsole.error: services.settings: 
  Message: NetworkOfflineError: Network is offline
  Stack:
    NetworkOfflineError@resource://services-settings/RemoteSettingsClient.jsm:119:5
maybeSync@resource://services-settings/RemoteSettingsClient.jsm:439:15
remoteSettingsFunction/remoteSettings.pollChanges@resource://services-settings/remote-settings.js:314:22
observe@resource://gre/modules/AsyncShutdown.jsm:551:16

console.error: services.settings: 
  Message: NetworkOfflineError: Network is offline
  Stack:
    NetworkOfflineError@resource://services-settings/RemoteSettingsClient.jsm:119:5
maybeSync@resource://services-settings/RemoteSettingsClientconsole.error: (new Error("SessionFile is closed", "resource:///modules/sessionstore/SessionFile.jsm", 433))
1588216116499	Marionette	INFO	Stopped listening on port 51143

###!!! [Child][RunMessage] Error: Channel closing: too late to send/recv, messages will be lost


###!!! [Child][MessageChannel::SendAndWait] Error: Channel error: cannot send/recv

aybeSync@resource://services-settings/RemoteSettingsClient.jsm:439:15
remoteSettingsFunction/remoteSettings.pollChanges@resource://services-settings/remotconsole.error: (new Error("SessionFile is closed", "resource:///modules/sessionstore/SessionFile.jsm", 433))
console.error: services.settings: 
  Message: AbortError: IndexedDB list() A request was aborted, for example through a call to IDBTransaction.abort.
console.error: services.settings: 
  Message: NetworkOfflineError: Network is offline
  Stack:
    NetworkOfflineError@resource://services-settings/RemoteSettingsClient.jsm:119:5
maybeSync@resource://services-settings/RemoteSettingsClient.jsm:439:15
remoteSettingsFunction/remoteSettings.pollChanges@resource://services-settings/remote-settings.js:314:22


###!!! [Parent][DispatchAsyncMessage] Error: PBackgroundIDBFactory::Msg_PBackgroundIDBFactoryRequestConstructor Value error: message was deserialized, but contained an illegal value

1588216119480	Marionette	INFO	Stopped listening on port 51209

###!!! [Child][RunMessage] Error: Channel closing: too late to send/recv, messages will be lost


###!!! [Child][MessageChannel::SendAndWait] Error: Channel error: cannot send/recv

ettings/RemoteSettingsClient.jsm:119:5
maybeSync@resource://services-settings/RemoteSettingsClient.jsm:439:15
remoteSettingsFunction/remoteSettings.pollChanges@resource://services-settings/remote-settings.js:314:22
observe@resource://gre/modules/AsyncShutdconsole.error: (new Error("SessionFile is closed", "resource:///modules/sessionstore/SessionFile.jsm", 433))
1588216119227	Marionette	INFO	Stopped listening on port 51279

###!!! [Child][RunMessage] Error: Channel closing: too late to send/recv, messages will be lost


###!!! [Child][MessageChannel::SendAndWait] Error: Channel error: cannot send/recv

tings.js:314:22
observe@resource://gre/modules/AsyncShutdown.jsm:551:16

console.error: services.settings: 
  Message: NetworkOfflineError: Network is offline
  Stack:
    NetworkOfflineError@resource://services-settings/RemoteSettingsClient.jsm:119:5
maybeSync@resource://services-settings/RemoteSettingsClient.jsm:439:15
remoteSettingsFunction/remoteSettings.pollChanges@resource://services-settings/remote-settings.js:314:22
observe@resource://gre/modules/AsyncShutdown.jsm:551:16

WARNING: At least one completion condition is taking too long to complete. Conditions: [{"name":"Places Connection shutdown","state":{"progress":{}},"filename":"Z:/task_1585933993/build/src/toolkit/components/places/Database.cpp","lineNumber":495,"stack":["resource://gre/modules/nsAsyncShutdown.jsm:addBlocker:162","resource://gre/modules/PlacesUtils.jsm:null:1915","resource://gre/modules/XPCOMUtils.jsm:get:129","resource://gre/modules/PageThumbs.jsm:PageThumbs_console.error: (new Error("SessionFile is closed", "resource:///modules/sessionstore/SessionFile.jsm", 433))
1588216117665	Marionette	INFO	Stopped listening on port 51344

###!!! [Child][MessageChannel::SendAndWait] Error: Channel error: cannot send/recv

e is closed", "resource:///modules/sessionstore/SessionFile.jsm", 433))
1588216117645	Marionette	INFO	Stopped listening on port 51075

###!!! [Child][MessageChannel::SendAndWait] Error: Channel error: cannot send/recv

ts@mozilla.org': Reading manifest: Invalid extension permission: mozillaAddons
1588215782256	addons.webextension.screenshots@mozilla.org	WARN	Loading extension 'screenshots@mozilla.org': Reading manifest: Invalid extension permission: telemetry
1588215782257	addons.webextension.screenshots@mozilla.org	WARN	Loading extension 'screenshots@mozilla.org': Reading manifest: Invalid extension permission: resource://pdf.js/
1588215782257	addons.webextension.screenshots@mozilla.org	WARN	Loading extension 'screenshots@mozilla.org': Reading manifest: Invalid extension permission: about:reader*
JavaScript error: resource://gre/modules/XULStore.jsm, line 66: Error: Can't find profile directory.
1588215786752	Marionette	INFO	Listening on port 51411
1588215786852	Marionette	WARN	TLS certificate errors will be ignored for this session
console.error: (new Error("SessionFile is closed", "resource:///modules/sessionstore/SessionFile.jsm", 433))
1588216117669	Marionette	INFO	Stopped listening on port 51411

###!!! [Child][MessageChannel::SendAndWait] Error: Channel error: cannot send/recv

rollout@mozilla.org	WARN	Loading extension 'doh-rollout@mozilla.org': Reading manifest: Invalid extension permission: networkStatus
1588215809799	addons.webextension.screenshots@mozilla.org	WARN	Loading extension 'screenshots@mozilla.org': Reading manifest: Invalid extension permission: mozillaAddons
1588215809799	addons.webextension.screenshots@mozilla.org	WARN	Loading extension 'screenshots@mozilla.org': Reading manifest: Invalid extension permission: telemetry
1588215809799	addons.webextension.screenshots@mozilla.org	WARN	Loading extension 'screenshots@mozilla.org': Reading manifest: Invalid extension permission: resource://pdf.js/
1588215809799	addons.webextension.screenshots@mozilla.org	WARN	Loading extension 'screenshots@mozilla.org': Reading manifest: Invalid extension permission: about:reader*
JavaScript error: resource://gre/modules/XULStore.jsm, line 66: Error: Can't find profile directory.
1588215813158	Marionette	INFO	Listening on port 51478
1588215813372	Marionette	WARN	TLS certificate errors will be ignored for this session
console.error: (new Error("SessionFile is closed", "resource:///modules/sessionstore/SessionFile.jsm", 433))
1588216119992	Marionette	INFO	Stopped listening on port 51478

###!!! [Child][RunMessage] Error: Channel closing: too late to send/recv, messages will be lost


###!!! [Child][MessageChannel::SendAndWait] Error: Channel error: cannot send/recv

sion permission: networkStatus
1588215841528	addons.webextension.screenshots@mozilla.org	WARN	Loading extension 'screenshots@mozilla.org': Reading manifest: Invalid extension permission: mozillaAddons
1588215841528	addons.webextension.screenshots@mozilla.org	WARN	Loading extension 'screenshots@mozilla.org': Reading manifest: Invalid extension permission: telemetry
1588215841528	addons.webextension.screenshots@mozilla.org	WARN	Loading extension 'screenshots@mozilla.org': Reading manifest: Invalid extension permission: resource://pdf.js/
1588215841528	addons.webextension.screenshots@mozilla.org	WARN	Loading extension 'screenshots@mozilla.org': Reading manifest: Invalid extension permission: about:reader*
JavaScript error: resource://gre/modules/XULStore.jsm, line 66: Error: Can't find profile directory.
1588215845290	Marionette	INFO	Listening on port 51543
1588215845472	Marionette	WARN	TLS certificate errors will be ignored for this session
A content process crashed and MOZ_CRASHREPORTER_SHUTDOWN is set, shutting down
console.error: (new Error("SessionFile is closed", "resource:///modules/sessionstore/SessionFile.jsm", 433))
1588216120350	Marionette	INFO	Stopped listening on port 51543

###!!! [Child][RunMessage] Error: Channel closing: too late to send/recv, messages will be lost


###!!! [Child][MessageChannel::SendAndWait] Error: Channel error: cannot send/recv

zilla.org	WARN	Loading extension 'screenshots@mozilla.org': Reading manifest: Invalid extension permission: mozillaAddons
1588215868463	addons.webextension.screenshots@mozilla.org	WARN	Loading extension 'screenshots@mozilla.org': Reading manifest: Invalid extension permission: telemetry
1588215868464	addons.webextension.screenshots@mozilla.org	WARN	Loading extension 'screenshots@mozilla.org': Reading manifest: Invalid extension permission: resource://pdf.js/
1588215868464	addons.webextension.screenshots@mozilla.org	WARN	Loading extension 'screenshots@mozilla.org': Reading manifest: Invalid extension permission: about:reader*
JavaScript error: resource://gre/modules/XULStore.jsm, line 66: Error: Can't find profile directory.
1588215873216	Marionette	INFO	Listening on port 51611
1588215873358	Marionette	WARN	TLS certificate errors will be ignored for this session
A content process crashed and MOZ_CRASHREPORTER_SHUTDOWN is set, shutting down
1588216121141	Marionette	INFO	Stopped listening on port 51611
JavaScript error: resource:///modules/sessionstore/SessionStore.jsm, line 5098: NS_ERROR_UNEXPECTED: Component returned failure code: 0x8000ffff (NS_ERROR_UNEXPECTED) [nsIWindowMediator.getEnumerator]

###!!! [Child][MessageChannel::SendAndWait] Error: Channel error: cannot send/recv

nshots@mozilla.org	WARN	Loading extension 'screenshots@mozilla.org': Reading manifest: Invalid extension permission: mozillaAddons
1588215900460	addons.webextension.screenshots@mozilla.org	WARN	Loading extension 'screenshots@mozilla.org': Reading manifest: Invalid extension permission: telemetry
1588215900461	addons.webextension.screenshots@mozilla.org	WARN	Loading extension 'screenshots@mozilla.org': Reading manifest: Invalid extension permission: resource://pdf.js/
1588215900461	addons.webextension.screenshots@mozilla.org	WARN	Loading extension 'screenshots@mozilla.org': Reading manifest: Invalid extension permission: about:reader*
JavaScript error: resource://gre/modules/XULStore.jsm, line 66: Error: Can't find profile directory.
console.error: "Could not write session state file " (new Error("_initWorker called too early! Please read the session file from disk first.", "resource:///modules/sessionstore/SessionFile.jsm", 375)) "_initWorker/<@resource:///modules/sessionstore/SessionFile.jsm:375:15\n_initWorker@resource:///modules/sessionstore/SessionFile.jsm:368:12\n_postToWorker@resource:///modules/sessionstore/SessionFile.jsm:410:16\nwrite@resource:///modules/sessionstore/SessionFile.jsm:448:24\nwrite@resource:///modules/sessionstore/SessionFile.jsm:75:32\n_writeState@resource:///modules/sessionstore/SessionSaver.jsm:360:24\n_saveState@resource:///modules/sessionstore/SessionSaver.jsm:294:17\n_saveStateAsync@resource:///modules/sessionstore/SessionSaver.jsm:344:10\nsaveStateAsyncWhenIdle@resource:///modules/sessionstore/SessionSaver.jsm:191:14\ncallback@resource://gre/modules/Timer.jsm:127:16\n"
1588215906573	Marionette	INFO	Listening on port 51680
1588215906824	Marionette	WARN	TLS certificate errors will be ignored for this session
console.error: (new Error("SessionFile is closed", "resource:///modules/sessionstore/SessionFile.jsm", 433))
1588216124503	Marionette	INFO	Stopped listening on port 51680

###!!! [Child][RunMessage] Error: Channel closing: too late to send/recv, messages will be lost


###!!! [Child][MessageChannel::SendAndWait] Error: Channel error: cannot send/recv

sion permission: networkStatus
1588215940475	addons.webextension.screenshots@mozilla.org	WARN	Loading extension 'screenshots@mozilla.org': Reading manifest: Invalid extension permission: mozillaAddons
1588215940476	addons.webextension.screenshots@mozilla.org	WARN	Loading extension 'screenshots@mozilla.org': Reading manifest: Invalid extension permission: telemetry
1588215940476	addons.webextension.screenshots@mozilla.org	WARN	Loading extension 'screenshots@mozilla.org': Reading manifest: Invalid extension permission: resource://pdf.js/
1588215940476	addons.webextension.screenshots@mozilla.org	WARN	Loading extension 'screenshots@mozilla.org': Reading manifest: Invalid extension permission: about:reader*
JavaScript error: resource://gre/modules/XULStore.jsm, line 66: Error: Can't find profile directory.
console.error: "Could not write session state file " (new Error("_initWorker called too early! Please read the session file from disk first.", "resource:///modules/sessionstore/SessionFile.jsm", 375)) "_initWorker/<@resource:///modules/sessionstore/SessionFile.jsm:375:15\n_initWorker@resource:///modules/sessionstore/SessionFile.jsm:368:12\n_postToWorker@resource:///modules/sessionstore/SessionFile.jsm:410:16\nwrite@resource:///modules/sessionstore/SessionFile.jsm:448:24\nwrite@resource:///modules/sessionstore/SessionFile.jsm:75:32\n_writeState@resource:///modules/sessionstore/SessionSaver.jsm:360:24\n_saveState@resource:///modules/sessionstore/SessionSaver.jsm:294:17\n_saveStateAsync@resource:///modules/sessionstore/SessionSaver.jsm:344:10\nsaveStateAsyncWhenIdle@resource:///modules/sessionstore/SessionSaver.jsm:191:14\ncallback@resource://gre/modules/Timer.jsm:127:16\n"
1588215952618	Marionette	INFO	Listening on port 51752
1588215952910	Marionette	WARN	TLS certificate errors will be ignored for this session

###!!! [Child][RunMessage] Error: Channel closing: too late to send/recv, messages will be lost

1588216120957	Marionette	INFO	Stopped listening on port 51752

###!!! [Child][RunMessage] Error: Channel closing: too late to send/recv, messages will be lost


###!!! [Child][MessageChannel::SendAndWait] Error: Channel error: cannot send/recv

lid extension permission: networkStatus
1588216010412	addons.webextension.screenshots@mozilla.org	WARN	Loading extension 'screenshots@mozilla.org': Reading manifest: Invalid extension permission: mozillaAddons
1588216010412	addons.webextension.screenshots@mozilla.org	WARN	Loading extension 'screenshots@mozilla.org': Reading manifest: Invalid extension permission: telemetry
1588216010412	addons.webextension.screenshots@mozilla.org	WARN	Loading extension 'screenshots@mozilla.org': Reading manifest: Invalid extension permission: resource://pdf.js/
1588216010412	addons.webextension.screenshots@mozilla.org	WARN	Loading extension 'screenshots@mozilla.org': Reading manifest: Invalid extension permission: about:reader*
JavaScript error: resource://gre/modules/XULStore.jsm, line 66: Error: Can't find profile directory.
1588216019313	Marionette	INFO	Listening on port 51837
1588216019519	Marionette	WARN	TLS certificate errors will be ignored for this session

###!!! [Child][RunMessage] Error: Channel closing: too late to send/recv, messages will be lost


###!!! [Child][RunMessage] Error: Channel closing: too late to send/recv, messages will be lost

1588216121202	Marionette	INFO	Stopped listening on port 51837

###!!! [Child][MessageChannel::SendAndWait] Error: Channel error: cannot send/recv

lid extension permission: networkStatus
1588216053047	addons.webextension.screenshots@mozilla.org	WARN	Loading extension 'screenshots@mozilla.org': Reading manifest: Invalid extension permission: mozillaAddons
1588216053048	addons.webextension.screenshots@mozilla.org	WARN	Loading extension 'screenshots@mozilla.org': Reading manifest: Invalid extension permission: telemetry
1588216053048	addons.webextension.screenshots@mozilla.org	WARN	Loading extension 'screenshots@mozilla.org': Reading manifest: Invalid extension permission: resource://pdf.js/
1588216053048	addons.webextension.screenshots@mozilla.org	WARN	Loading extension 'screenshots@mozilla.org': Reading manifest: Invalid extension permission: about:reader*
JavaScript error: resource://gre/modules/XULStore.jsm, line 66: Error: Can't find profile directory.
1588216059080	Marionette	INFO	Listening on port 51919
1588216059575	Marionette	WARN	TLS certificate errors will be ignored for this session
JavaScript error: , line 0: AbortError: A request was aborted, for example through a call to IDBTransaction.abort.
1588216154416	Marionette	INFO	Stopped listening on port 51919

###!!! [Child][RunMessage] Error: Channel closing: too late to send/recv, messages will be lost


###!!! [Child][MessageChannel::SendAndWait] Error: Channel error: cannot send/recv

ermission: networkStatus
1588216124821	addons.webextension.screenshots@mozilla.org	WARN	Loading extension 'screenshots@mozilla.org': Reading manifest: Invalid extension permission: mozillaAddons
1588216124821	addons.webextension.screenshots@mozilla.org	WARN	Loading extension 'screenshots@mozilla.org': Reading manifest: Invalid extension permission: telemetry
1588216124821	addons.webextension.screenshots@mozilla.org	WARN	Loading extension 'screenshots@mozilla.org': Reading manifest: Invalid extension permission: resource://pdf.js/
1588216124821	addons.webextension.screenshots@mozilla.org	WARN	Loading extension 'screenshots@mozilla.org': Reading manifest: Invalid extension permission: about:reader*
JavaScript error: resource://gre/modules/XULStore.jsm, line 66: Error: Can't find profile directory.
1588216127677	Marionette	INFO	Listening on port 52005
1588216128040	Marionette	WARN	TLS certificate errors will be ignored for this session
1588216262231	Marionette	INFO	Stopped listening on port 52005

###!!! [Child][RunMessage] Error: Channel closing: too late to send/recv, messages will be lost


###!!! [Child][MessageChannel::SendAndWait] Error: Channel error: cannot send/recv

sion.doh-rollout@mozilla.org	WARN	Loading extension 'doh-rollout@mozilla.org': Reading manifest: Invalid extension permission: networkStatus
1588216153735	addons.webextension.screenshots@mozilla.org	WARN	Loading extension 'screenshots@mozilla.org': Reading manifest: Invalid extension permission: mozillaAddons
1588216153735	addons.webextension.screenshots@mozilla.org	WARN	Loading extension 'screenshots@mozilla.org': Reading manifest: Invalid extension permission: telemetry
1588216153735	addons.webextension.screenshots@mozilla.org	WARN	Loading extension 'screenshots@mozilla.org': Reading manifest: Invalid extension permission: resource://pdf.js/
1588216153735	addons.webextension.screenshots@mozilla.org	WARN	Loading extension 'screenshots@mozilla.org': Reading manifest: Invalid extension permission: about:reader*
JavaScript error: resource://gre/modules/XULStore.jsm, line 66: Error: Can't find profile directory.
1588216157420	Marionette	INFO	Listening on port 52084
1588216157798	Marionette	WARN	TLS certificate errors will be ignored for this session
JavaScript error: , line 0: AbortError: A request was aborted, for example through a call to IDBTransaction.abort.
1588216263582	Marionette	INFO	Stopped listening on port 52084

###!!! [Child][RunMessage] Error: Channel closing: too late to send/recv, messages will be lost


###!!! [Child][MessageChannel::SendAndWait] Error: Channel error: cannot send/recv

ermission: networkStatus
1588216184855	addons.webextension.screenshots@mozilla.org	WARN	Loading extension 'screenshots@mozilla.org': Reading manifest: Invalid extension permission: mozillaAddons
1588216184856	addons.webextension.screenshots@mozilla.org	WARN	Loading extension 'screenshots@mozilla.org': Reading manifest: Invalid extension permission: telemetry
1588216184856	addons.webextension.screenshots@mozilla.org	WARN	Loading extension 'screenshots@mozilla.org': Reading manifest: Invalid extension permission: resource://pdf.js/
1588216184856	addons.webextension.screenshots@mozilla.org	WARN	Loading extension 'screenshots@mozilla.org': Reading manifest: Invalid extension permission: about:reader*
JavaScript error: resource://gre/modules/XULStore.jsm, line 66: Error: Can't find profile directory.
1588216187884	Marionette	INFO	Listening on port 52152
1588216188058	Marionette	WARN	TLS certificate errors will be ignored for this session
JavaScript error: , line 0: AbortError: A request was aborted, for example through a call to IDBTransaction.abort.
1588216264598	Marionette	INFO	Stopped listening on port 52152

###!!! [Child][RunMessage] Error: Channel closing: too late to send/recv, messages will be lost


###!!! [Child][MessageChannel::SendAndWait] Error: Channel error: cannot send/recv

ermission: networkStatus
1588216210413	addons.webextension.screenshots@mozilla.org	WARN	Loading extension 'screenshots@mozilla.org': Reading manifest: Invalid extension permission: mozillaAddons
1588216210413	addons.webextension.screenshots@mozilla.org	WARN	Loading extension 'screenshots@mozilla.org': Reading manifest: Invalid extension permission: telemetry
1588216210414	addons.webextension.screenshots@mozilla.org	WARN	Loading extension 'screenshots@mozilla.org': Reading manifest: Invalid extension permission: resource://pdf.js/
1588216210414	addons.webextension.screenshots@mozilla.org	WARN	Loading extension 'screenshots@mozilla.org': Reading manifest: Invalid extension permission: about:reader*
JavaScript error: resource://gre/modules/XULStore.jsm, line 66: Error: Can't find profile directory.
1588216213819	Marionette	INFO	Listening on port 52219
1588216214035	Marionette	WARN	TLS certificate errors will be ignored for this session
JavaScript error: resource://gre/modules/IndexedDB.jsm, line 370: UnknownError: IDBDatabase.transaction: Can't start IndexedDB transaction during shutdown
1588216265963	Marionette	INFO	Stopped listening on port 52219

###!!! [Child][RunMessage] Error: Channel closing: too late to send/recv, messages will be lost


###!!! [Child][MessageChannel::SendAndWait] Error: Channel error: cannot send/recv

addons.webextension.screenshots@mozilla.org	WARN	Loading extension 'screenshots@mozilla.org': Reading manifest: Invalid extension permission: mozillaAddons
1588216238343	addons.webextension.screenshots@mozilla.org	WARN	Loading extension 'screenshots@mozilla.org': Reading manifest: Invalid extension permission: telemetry
1588216238343	addons.webextension.screenshots@mozilla.org	WARN	Loading extension 'screenshots@mozilla.org': Reading manifest: Invalid extension permission: resource://pdf.js/
1588216238344	addons.webextension.screenshots@mozilla.org	WARN	Loading extension 'screenshots@mozilla.org': Reading manifest: Invalid extension permission: about:reader*
JavaScript error: resource://gre/modules/XULStore.jsm, line 66: Error: Can't find profile directory.
1588216242630	Marionette	INFO	Listening on port 52283
1588216242671	Marionette	WARN	TLS certificate errors will be ignored for this session
JavaScript error: , line 0: AbortError: A request was aborted, for example through a call to IDBTransaction.abort.
1588216349352	Marionette	INFO	Stopped listening on port 52283

###!!! [Child][RunMessage] Error: Channel closing: too late to send/recv, messages will be lost


###!!! [Child][MessageChannel::SendAndWait] Error: Channel error: cannot send/recv

ermission: networkStatus
1588216269030	addons.webextension.screenshots@mozilla.org	WARN	Loading extension 'screenshots@mozilla.org': Reading manifest: Invalid extension permission: mozillaAddons
1588216269030	addons.webextension.screenshots@mozilla.org	WARN	Loading extension 'screenshots@mozilla.org': Reading manifest: Invalid extension permission: telemetry
1588216269031	addons.webextension.screenshots@mozilla.org	WARN	Loading extension 'screenshots@mozilla.org': Reading manifest: Invalid extension permission: resource://pdf.js/
1588216269031	addons.webextension.screenshots@mozilla.org	WARN	Loading extension 'screenshots@mozilla.org': Reading manifest: Invalid extension permission: about:reader*
JavaScript error: resource://gre/modules/XULStore.jsm, line 66: Error: Can't find profile directory.
1588216273069	Marionette	INFO	Listening on port 52355
1588216273339	Marionette	WARN	TLS certificate errors will be ignored for this session
1588216349444	Marionette	INFO	Stopped listening on port 52355

###!!! [Child][RunMessage] Error: Channel closing: too late to send/recv, messages will be lost


###!!! [Child][MessageChannel::SendAndWait] Error: Channel error: cannot send/recv

sion.doh-rollout@mozilla.org	WARN	Loading extension 'doh-rollout@mozilla.org': Reading manifest: Invalid extension permission: networkStatus
1588216302645	addons.webextension.screenshots@mozilla.org	WARN	Loading extension 'screenshots@mozilla.org': Reading manifest: Invalid extension permission: mozillaAddons
1588216302646	addons.webextension.screenshots@mozilla.org	WARN	Loading extension 'screenshots@mozilla.org': Reading manifest: Invalid extension permission: telemetry
1588216302646	addons.webextension.screenshots@mozilla.org	WARN	Loading extension 'screenshots@mozilla.org': Reading manifest: Invalid extension permission: resource://pdf.js/
1588216302646	addons.webextension.screenshots@mozilla.org	WARN	Loading extension 'screenshots@mozilla.org': Reading manifest: Invalid extension permission: about:reader*
JavaScript error: resource://gre/modules/XULStore.jsm, line 66: Error: Can't find profile directory.
1588216306139	Marionette	INFO	Listening on port 52416
1588216306236	Marionette	WARN	TLS certificate errors will be ignored for this session
JavaScript error: , line 0: AbortError: A request was aborted, for example through a call to IDBTransaction.abort.
1588216651930	Marionette	INFO	Stopped listening on port 52416

###!!! [Child][RunMessage] Error: Channel closing: too late to send/recv, messages will be lost


###!!! [Child][MessageChannel::SendAndWait] Error: Channel error: cannot send/recv

ermission: networkStatus
1588216450099	addons.webextension.screenshots@mozilla.org	WARN	Loading extension 'screenshots@mozilla.org': Reading manifest: Invalid extension permission: mozillaAddons
1588216450099	addons.webextension.screenshots@mozilla.org	WARN	Loading extension 'screenshots@mozilla.org': Reading manifest: Invalid extension permission: telemetry
1588216450099	addons.webextension.screenshots@mozilla.org	WARN	Loading extension 'screenshots@mozilla.org': Reading manifest: Invalid extension permission: resource://pdf.js/
1588216450099	addons.webextension.screenshots@mozilla.org	WARN	Loading extension 'screenshots@mozilla.org': Reading manifest: Invalid extension permission: about:reader*
JavaScript error: resource://gre/modules/XULStore.jsm, line 66: Error: Can't find profile directory.
1588216452554	Marionette	INFO	Listening on port 52495
1588216452663	Marionette	WARN	TLS certificate errors will be ignored for this session
1588216653660	Marionette	INFO	Stopped listening on port 52495

###!!! [Child][RunMessage] Error: Channel closing: too late to send/recv, messages will be lost


###!!! [Child][MessageChannel::SendAndWait] Error: Channel error: cannot send/recv

sion.doh-rollout@mozilla.org	WARN	Loading extension 'doh-rollout@mozilla.org': Reading manifest: Invalid extension permission: networkStatus
1588216478269	addons.webextension.screenshots@mozilla.org	WARN	Loading extension 'screenshots@mozilla.org': Reading manifest: Invalid extension permission: mozillaAddons
1588216478269	addons.webextension.screenshots@mozilla.org	WARN	Loading extension 'screenshots@mozilla.org': Reading manifest: Invalid extension permission: telemetry
1588216478269	addons.webextension.screenshots@mozilla.org	WARN	Loading extension 'screenshots@mozilla.org': Reading manifest: Invalid extension permission: resource://pdf.js/
1588216478269	addons.webextension.screenshots@mozilla.org	WARN	Loading extension 'screenshots@mozilla.org': Reading manifest: Invalid extension permission: about:reader*
JavaScript error: resource://gre/modules/XULStore.jsm, line 66: Error: Can't find profile directory.
1588216481050	Marionette	INFO	Listening on port 52556
1588216481216	Marionette	WARN	TLS certificate errors will be ignored for this session
1588216654735	Marionette	INFO	Stopped listening on port 52556

###!!! [Child][RunMessage] Error: Channel closing: too late to send/recv, messages will be lost


###!!! [Child][MessageChannel::SendAndWait] Error: Channel error: cannot send/recv

sion.doh-rollout@mozilla.org	WARN	Loading extension 'doh-rollout@mozilla.org': Reading manifest: Invalid extension permission: networkStatus
1588216508681	addons.webextension.screenshots@mozilla.org	WARN	Loading extension 'screenshots@mozilla.org': Reading manifest: Invalid extension permission: mozillaAddons
1588216508681	addons.webextension.screenshots@mozilla.org	WARN	Loading extension 'screenshots@mozilla.org': Reading manifest: Invalid extension permission: telemetry
1588216508681	addons.webextension.screenshots@mozilla.org	WARN	Loading extension 'screenshots@mozilla.org': Reading manifest: Invalid extension permission: resource://pdf.js/
1588216508681	addons.webextension.screenshots@mozilla.org	WARN	Loading extension 'screenshots@mozilla.org': Reading manifest: Invalid extension permission: about:reader*
JavaScript error: resource://gre/modules/XULStore.jsm, line 66: Error: Can't find profile directory.
1588216511136	Marionette	INFO	Listening on port 52619
1588216511606	Marionette	WARN	TLS certificate errors will be ignored for this session
JavaScript error: resource://gre/modules/IndexedDB.jsm, line 370: UnknownError: IDBDatabase.transaction: Can't start IndexedDB transaction during shutdown
1588216657062	Marionette	INFO	Stopped listening on port 52619

###!!! [Child][RunMessage] Error: Channel closing: too late to send/recv, messages will be lost


###!!! [Child][MessageChannel::SendAndWait] Error: Channel error: cannot send/recv

addons.webextension.screenshots@mozilla.org	WARN	Loading extension 'screenshots@mozilla.org': Reading manifest: Invalid extension permission: mozillaAddons
1588216537908	addons.webextension.screenshots@mozilla.org	WARN	Loading extension 'screenshots@mozilla.org': Reading manifest: Invalid extension permission: telemetry
1588216537908	addons.webextension.screenshots@mozilla.org	WARN	Loading extension 'screenshots@mozilla.org': Reading manifest: Invalid extension permission: resource://pdf.js/
1588216537909	addons.webextension.screenshots@mozilla.org	WARN	Loading extension 'screenshots@mozilla.org': Reading manifest: Invalid extension permission: about:reader*
JavaScript error: resource://gre/modules/XULStore.jsm, line 66: Error: Can't find profile directory.
1588216540879	Marionette	INFO	Listening on port 52683
1588216541314	Marionette	WARN	TLS certificate errors will be ignored for this session

###!!! [Child][RunMessage] Error: Channel closing: too late to send/recv, messages will be lost

JavaScript error: resource://gre/modules/IndexedDB.jsm, line 370: UnknownError: IDBDatabase.transaction: Can't start IndexedDB transaction during shutdown
1588216659844	Marionette	INFO	Stopped listening on port 52683

###!!! [Child][RunMessage] Error: Channel closing: too late to send/recv, messages will be lost

ension.screenshots@mozilla.org	WARN	Loading extension 'screenshots@mozilla.org': Reading manifest: Invalid extension permission: mozillaAddons
1588216566876	addons.webextension.screenshots@mozilla.org	WARN	Loading extension 'screenshots@mozilla.org': Reading manifest: Invalid extension permission: telemetry
1588216566877	addons.webextension.screenshots@mozilla.org	WARN	Loading extension 'screenshots@mozilla.org': Reading manifest: Invalid extension permission: resource://pdf.js/
1588216566877	addons.webextension.screenshots@mozilla.org	WARN	Loading extension 'screenshots@mozilla.org': Reading manifest: Invalid extension permission: about:reader*
JavaScript error: resource://gre/modules/XULStore.jsm, line 66: Error: Can't find profile directory.
1588216570045	Marionette	INFO	Listening on port 52754
1588216570092	Marionette	WARN	TLS certificate errors will be ignored for this session
1588216662388	Marionette	INFO	Stopped listening on port 52754

###!!! [Child][RunMessage] Error: Channel closing: too late to send/recv, messages will be lost


###!!! [Child][MessageChannel::SendAndWait] Error: Channel error: cannot send/recv

sion.doh-rollout@mozilla.org	WARN	Loading extension 'doh-rollout@mozilla.org': Reading manifest: Invalid extension permission: networkStatus
1588216596295	addons.webextension.screenshots@mozilla.org	WARN	Loading extension 'screenshots@mozilla.org': Reading manifest: Invalid extension permission: mozillaAddons
1588216596295	addons.webextension.screenshots@mozilla.org	WARN	Loading extension 'screenshots@mozilla.org': Reading manifest: Invalid extension permission: telemetry
1588216596295	addons.webextension.screenshots@mozilla.org	WARN	Loading extension 'screenshots@mozilla.org': Reading manifest: Invalid extension permission: resource://pdf.js/
1588216596295	addons.webextension.screenshots@mozilla.org	WARN	Loading extension 'screenshots@mozilla.org': Reading manifest: Invalid extension permission: about:reader*
JavaScript error: resource://gre/modules/XULStore.jsm, line 66: Error: Can't find profile directory.
1588216598876	Marionette	INFO	Listening on port 52819
1588216599086	Marionette	WARN	TLS certificate errors will be ignored for this session
1588216662988	Marionette	INFO	Stopped listening on port 52819

###!!! [Child][RunMessage] Error: Channel closing: too late to send/recv, messages will be lost


###!!! [Child][MessageChannel::SendAndWait] Error: Channel error: cannot send/recv

sion.doh-rollout@mozilla.org	WARN	Loading extension 'doh-rollout@mozilla.org': Reading manifest: Invalid extension permission: networkStatus
1588216619442	addons.webextension.screenshots@mozilla.org	WARN	Loading extension 'screenshots@mozilla.org': Reading manifest: Invalid extension permission: mozillaAddons
1588216619442	addons.webextension.screenshots@mozilla.org	WARN	Loading extension 'screenshots@mozilla.org': Reading manifest: Invalid extension permission: telemetry
1588216619442	addons.webextension.screenshots@mozilla.org	WARN	Loading extension 'screenshots@mozilla.org': Reading manifest: Invalid extension permission: resource://pdf.js/
1588216619442	addons.webextension.screenshots@mozilla.org	WARN	Loading extension 'screenshots@mozilla.org': Reading manifest: Invalid extension permission: about:reader*
JavaScript error: resource://gre/modules/XULStore.jsm, line 66: Error: Can't find profile directory.
1588216622908	Marionette	INFO	Listening on port 52885
1588216624570	Marionette	WARN	TLS certificate errors will be ignored for this session

###!!! [Child][RunMessage] Error: Channel closing: too late to send/recv, messages will be lost

1588216667942	Marionette	INFO	Stopped listening on port 52885

###!!! [Child][RunMessage] Error: Channel closing: too late to send/recv, messages will be lost


###!!! [Child][MessageChannel::SendAndWait] Error: Channel error: cannot send/recv

1588217497394	mozrunner::runner	INFO	Running command: "C:\\Program Files\\Mozilla Firefox\\firefox.exe" "-marionette" "-foreground" "-no-remote" "-profile" "C:\\Users\\NILESH~1\\AppData\\Local\\Temp\\rust_mozprofileItF1YT"
1588217498020	addons.webextension.doh-rollout@mozilla.org	WARN	Loading extension 'doh-rollout@mozilla.org': Reading manifest: Invalid extension permission: networkStatus
1588217499643	addons.webextension.screenshots@mozilla.org	WARN	Loading extension 'screenshots@mozilla.org': Reading manifest: Invalid extension permission: mozillaAddons
1588217499643	addons.webextension.screenshots@mozilla.org	WARN	Loading extension 'screenshots@mozilla.org': Reading manifest: Invalid extension permission: telemetry
1588217499644	addons.webextension.screenshots@mozilla.org	WARN	Loading extension 'screenshots@mozilla.org': Reading manifest: Invalid extension permission: resource://pdf.js/
1588217499644	addons.webextension.screenshots@mozilla.org	WARN	Loading extension 'screenshots@mozilla.org': Reading manifest: Invalid extension permission: about:reader*
JavaScript error: resource://gre/modules/XULStore.jsm, line 66: Error: Can't find profile directory.
1588217503032	Marionette	INFO	Listening on port 53076
1588217503181	Marionette	WARN	TLS certificate errors will be ignored for this session
[Parent 13412, Gecko_IOThread] WARNING: pipe error: 232: file Z:/task_1585933993/build/src/ipc/chromium/src/chrome/common/ipc_channel_win.cc, line 514
JavaScript error: resource:///modules/sessionstore/SessionStore.jsm, line 1847: TypeError: subject.QueryInterface is not a function
A content process crashed and MOZ_CRASHREPORTER_SHUTDOWN is set, shutting down

###!!! [Parent][MessageChannel] Error: (msgtype=0x37006D,name=PContent::Msg_SuspendInputEventQueue) Channel error: cannot send/recv


###!!! [Parent][MessageChannel] Error: (msgtype=0x37006B,name=PContent::Msg_FlushInputEventQueue) Channel error: cannot send/recv


###!!! [Parent][MessageChannel] Error: (msgtype=0x37006C,name=PContent::Msg_ResumeInputEventQueue) Channel error: cannot send/recv


###!!! [Parent][MessageChannel] Error: (msgtype=0x37004D,name=PContent::Msg_Shutdown) Channel error: cannot send/recv

A content process crashed and MOZ_CRASHREPORTER_SHUTDOWN is set, shutting down
JavaScript error: resource:///modules/WindowsJumpLists.jsm, line 281: TypeError: this._builder is undefined
console.error: (new Error("SessionFile is closed", "resource:///modules/sessionstore/SessionFile.jsm", 433))
WARNING: At least one completion condition is taking too long to complete. Conditions: [{"name":"CrashMonitor: Writing notifications to file after receiving profile-before-change","state":"(none)","filename":"resource://gre/modules/CrashMonitor.jsm","lineNumber":176,"stack":["resource://gre/modules/CrashMonitor.jsm:init:176","resource://gre/modules/nsCrashMonitor.jsm:observe:19"]}] Barrier: OS.File: Waiting for clients before profileBeforeChange
WARNING: At least one completion condition is taking too long to complete. Conditions: [{"name":"OS.File: flush I/O queued before profileBeforeChange","state":{"launched":true,"shutdown":false,"worker":true,"pendingReset":false,"latestSent":["Thu Apr 30 2020 09:10:33 GMT+0530 (India Standard Time)","exists"],"latestReceived":["Thu Apr 30 2020 09:10:33 GMT+0530 (India Standard Time)",null],"messagesSent":115,"messagesReceived":115,"messagesQueued":115,"DEBUG":false,"clients":[{"name":"CrashMonitor: Writing notifications to file after receiving profile-before-change","state":"(none)","filename":"resource://gre/modules/CrashMonitor.jsm","lineNumber":176,"stack":["resource://gre/modules/CrashMonitor.jsm:init:176","resource://gre/modules/nsCrashMonitor.jsm:observe:19"]}]},"filename":"resource://gre/modules/osfile/osfile_async_front.jsm","lineNumber":1652,"stack":["resource://gre/modules/osfile/osfile_async_front.jsm:setupShutdown:1652","resource://gre/modules/osfile/osfile_async_front.jsm:null:1672","resource://gre/modules/osfile.jsm:null:11","resource://gre/modules/addons/GMPProvider.jsm:null:16","resource://gre/modules/AddonManager.jsm:startup:775","resource://gre/modules/AddonManager.jsm:startup:3482","resource://gre/modules/addonManager.js:observe:87"]},{"name":"Places Connection shutdown","state":{"progress":{}},"filename":"Z:/task_1585933993/build/src/toolkit/components/places/Database.cpp","lineNumber":495,"stack":["resource://gre/modules/nsAsyncShutdown.jsm:addBlocker:162","resource://gre/modules/PlacesUtils.jsm:null:1915","resource://gre/modules/XPCOMUtils.jsm:get:129","resource://gre/modules/PageThumbs.jsm:PageThumbs_init:116","resource:///modules/BrowserGlue.jsm:BG__onFirstWindowLoaded:1651","resource:///modules/BrowserGlue.jsm:BG_observe:854","chrome://browser/content/browser.js:_delayedStartup:2093"]}] Barrier: profile-before-change
1588218058718	Marionette	INFO	Stopped listening on port 53076

###!!! [Parent][RunMessage] Error: Channel closing: too late to send/recv, messages will be lost


###!!! [Child][MessageChannel::SendAndWait] Error: Channel error: cannot send/recv

ditions: [{"name":"Places Connection shutdown","state":{"progress":{}},"filename":"Z:/task_1585933993/build/src/toolkit/components/places/Database.cpp","lineNumber":495,"stack":["resource://gre/modules/nsAsyncShutdown.jsm:addBlocker:162","resource://gre/modules/PlacesUtils.jsm:null:1915","resource://gre/modules/XPCOMUtils.jsm:get:129","resource://gre/modules/PageThumbs.jsm:PageThumbs_init:116","resource:///modules/BrowserGlue.jsm:BG__onFirstWindowLoaded:1651","resource:///modules/BrowserGlue.jsm:BG_observe:854","chrome://browser/content/browser.js:_delayedStartup:2093"]}] Barrier: profile-before-change
WARNING: At least one completion condition is taking too long to complete. Conditions: [{"name":"TelemetryController: shutting down","state":{"initialized":true,"initStarted":true,"haveDelayedInitTask":false,"shutdownBarrier":"Not started","connectionsBarrier":"Not started","sendModule":{"sendingEnabled":false,"pendingPingRequestCount":0,"pendingPingActivityCount":0,"unpersistedPingCount":0,"persistedPingCount":0,"schedulerState":{"shutdown":true,"hasSendTask":false,"sendsFailed":false,"sendTaskState":"bail out - no pings to send","backoffDelay":60000}},"haveDelayedNewProfileTask":false},"filename":"resource://gre/modules/TelemetryController.jsm","lineNumber":866,"stack":["resource://gre/modules/TelemetryController.jsm:setupTelemetry:866","resource://gre/modules/TelemetryController.jsm:observe:1006","resource://gre/modules/TelemetryController.jsm:observe:187","resource://gre/modules/TelemetryStartup.jsm:TelemetryStartup.prototype.observe:31"]}] Barrier: profile-before-change-telemetry
1588218053685	Marionette	INFO	Stopped listening on port 53144

###!!! [Child][MessageChannel::SendAndWait] Error: Channel error: cannot send/recv

source://gre/modules/osfile/osfile_async_front.jsm","lineNumber":1652,"stack":["resource://gre/modules/osfile/osfile_async_front.jsm:setupShutdown:1652","resource://gre/modules/osfile/osfile_async_front.jsm:null:1672","resource://gre/modules/WARNING: At least one completion condition is taking too long to complete. Conditions: [{"name":"Places Connection shutdown","state":{"progress":{}},"filename":"Z:/task_1585933993/build/src/toolkit/components/places/Database.cpp","lineNumber":495,"stack":["resource://gre/modules/nsAsyncShutdown.jsm:addBlocker:162","resource://gre/modules/PlacesUtils.jsm:null:1915","resource://gre/modules/XPCOMUtils.jsm:get:129","resource://gre/modules/PageThumbs.jsm:PageThumbs_init:116","resource:///modules/BrowserGlue.jsm:BG__onFirstWindowLoaded:1651","resource:///modules/BrowserGlue.jsm:BG_observe:854","chrome://browser/content/browser.js:_delayedStartup:2093"]}] Barrier: profile-before-change
console.error: services.settings: 
  Message: AbortError: IndexedDB list() A request was aborted, for example through a call to IDBTransaction.abort.console.error: services.settings: 
  Message: AbortError: IndexedDB list() A request was aborted, for example through a call to IDBTransaction.abort.
console.error: services.settings: 
  Message: NetworkOfflineError: Network is offline
  Stack:
    NetworkOfflineError@resource://services-settings/RemoteSettingsClient.jsm:119:5
maybeSync@resource://services-settings/RemoteSettingsClient.jsm:439:15
remoteSettingsFunction/remoteSettings.pollChanges@resource://services-settings/remote-settings.js:314:22


###!!! [Parent][DispatchAsyncMessa1588218059649	Marionette	INFO	Stopped listening on port 53346

###!!! [Child][MessageChannel::SendAndWait] Error: Channel error: cannot send/recv

1588218061581	Marionette	INFO	Stopped listening on port 53277

###!!! [Child][RunMessage] Error: Channel closing: too late to send/recv, messages will be lost


###!!! [Child][MessageChannel::SendAndWait] Error: Channel error: cannot send/recv

stReceived":["Thu Apr 30 2020 09:10:25 GMT+0530 (India Standard Time)",null],"messagesSent":109,"messagesReceived":109,"messagesQueued":109,"DEBUG":false,"clients":[{"name":"CrashMonitor: Writing notifications to file after receiving profile-before-change","state":"(none)","filename":"resource://gre/modules/CrashMonitor.jsm","lineNumber":176,"stack":["resource://gre/modules/CrashMonitor.jsm:init:176","resource://gre/modules/nsCrashMonitor.jsm:observe:19"]}]},"filename":"resource://gre/modules/osfile/osfile_async_front.jsm","lineNumber":1652,"stack":["resource://gre/modules/osfile/osfile_async_front.jsm:setupShutdown:1652","resource://gre/modules/osfile/osfile_async_front.jsm:null:1672","resource://gre/modules/osfile.jsm:null:11","resource://gre/modules/addons/GMPProvider.jsm:null:16","resource://gre/modules/AddonManager.jsm:startup:775","resource://gre/modules/AddonManager.jsm:startup:3482","resource://gre/modules/addonManager.js:observe:87"]},{"name":"Places Connection shutdown","state":{"progress":{}},"filename":"Z:/task_1585933993/build/src/toolkit/components/places/Database.cpp","lineNumber":495,"stack":["resource://gre/modules/nsAsyncShutdown.jsm:addBlocker:162","resource://gre/modules/PlacesUtils.jsm:null:1915","resource://gre/modules/XPCOMUtils.jsm:get:129","resource://gre/modules/PageThumbs.jsm:PageThumbs_init:116","resource:///modules/BrowserGlue.jsm:BG__onFirstWindowLoaded:1651","resource:///modules/BrowserGlue.jsm:BG_observe:854","chrome://browser/content/browser.js:_delayedStartup:2093"]}] Barrier: profile-before-change
WARNING: At least one completion condition is taking too long to complete. Conditions: [{"name":"TelemetryController: shutting down","state":{"initialized":true,"initStarted":true,"haveDelayedInitTask":false,"shutdownBarrier":"Not started","connectionsBarrier":"Not started","sendModule":{"sendingEnabled":false,"pendingPingRequestCount":0,"pendingPingActivityCount":0,"unpersistedPingCount":0,"persistedPingCount":0,"schedulerState":{"shutdown":true,"hasSendTask":false,"sendsFailed":false,"sendTaskState":"bail out - no pings to send","backoffDelay":60000}},"haveDelayedNewProfileTask":false},"filename":"resource://gre/modules/TelemetryController.jsm","lineNumber":866,"stack":["resource://gre/modules/TelemetryController.jsm:setupTelemetry:866","resource://gre/modules/TelemetryController.jsm:observe:1006","resource://gre/modules/TelemetryController.jsm:observe:187","resource://gre/modules/TelemetryStartup.jsm:TelemetryStartup.prototype.observe:31"]}] Barrier: profile-before-change-telemetry
1588218053689	Marionette	INFO	Stopped listening on port 53412

###!!! [Child][MessageChannel::SendAndWait] Error: Channel error: cannot send/recv

{"progress":{}},"filename":"Z:/task_1585933993/build/src/toolkit/components/places/Database.cpp","lineNumber":495,"stack":["resource://gre/modules/nsAsyncShutdown.jsm:addBlocker:162","resource://gre/modules/PlacesUtils.jsm:null:1915","resource://gre/modules/XPCOMUtils.jsm:get:129","resource://gre/modules/PageThumbs.jsm:PageThumbs_init:116","resource:///modules/BrowserGlue.jsm:BG__onFirstWindowLoaded:1651","rWARNING: At least one completion condition is taking too long to complete. Conditions: [{"name":"CrashMonitor: WritinWARNING: At least one completion condition is taking too long to complete. Conditions: [{"name":"TelemetryController: shutting down","state":{"initialized":true,"initStarted":true,"haveDelayedInitTask":false,"shutdownBarrier":"Not started","connectionsBarrier":"Not started","sendModule":{"sendingEnabled":true,"pendingPingRequestCount":0,"pendingPingActivityCount":0,"unpersistedPingCount":0,"persistedPingCount":0,"schedulerState":{"shutdown":false,"hasSendTask":false,"sendsFailed":false,"sendTaskState":"bail out - no pings to send","backoffDelay":60000}},"haveDelayedNewProfileTask":true},"filename":"resource://gre/modules/TelemetryController.jsm","lineNumber":866,"stack":["resource://gre/modules/TelemetryController.jsm:setupTelemetry:866","resource://gre/modules/TelemetryController.jsm:observe:1006","resource://gre/modules/TelemetryController.jsm:observe:187","resource://gre/modules/TelemetryStartup.jsm:TelemetryStartup.prototype.observe:31"]}] Barrier: profile-before-change-telemetry
1588218056385	Marionette	INFO	Stopped listening on port 53477

###!!! [Child][RunMessage] Error: Channel closing: too late to send/recv, messages will be lost


###!!! [Child][MessageChannel::SendAndWait] Error: Channel error: cannot send/recv

[{"name":"TelemetryController: shutting down","state":{"initialized":true,"initStarted":true,"haveDelayedInitTask":false,"shutdownBarrier":"Not started","connectionsBarrier":"Not started","sendModule":{"sendingEnabled":false,"pendingPingRequestCount":0,"pendingPingActivityCount":0,"unpersistedPingCount":0,"persistedPingCount":0,"schedulerState":{"shutdown":true,"hasSendTask":false,"sendsFailed":false,"sendTaskState":"bail out - no pings to send","backoffDelay":60000}},"haveDelayedNewProfileTask":false},"filename":"resource://gre/modules/TelemetryController.jsm","lineNumber":866,"stack":["resource://gre/modules/TelemetryController.jsm:setupTelemetry:866","resource://gre/modules/TelemetryController.jsm:observe:1006","resource://gre/modules/TelemetryController.jsm:observe:187","resource://gre/modules/TelemetryStartup.jsm:TelemetryStartup.prototype.observe:31"]}] Barrier: profile-before-change-telemetry
1588218058243	Marionette	INFO	Stopped listening on port 53543

###!!! [Child][MessageChannel::SendAndWait] Error: Channel error: cannot send/recv

troller: shutting down","state":{"initialized":true,"initStarted":true,"haveDelayedInitTask":false,"shutdownBarrier":"Not started","connectionsBarrier":"Not started","sendModule":{"sendingEnabled":false,"pendingPingRequestCount":0,"pendingPingActivityCount":0,"unpersistedPingCount":0,"persistedPingCount":0,"schedulerState":{"shutdown":true,"hasSendTask":false,"sendsFailed":false,"sendTaskState":"bail out - no pings to send","backoffDelay":60000}},"haveDelayedNewProfileTask":false},"filename":"resource://gre/modules/TelemetryController.jsm","lineNumber":866,"stack":["resource://gre/modules/TelemetryController.jsm:setupTelemetry:866","resource://gre/modules/TelemetryController.jsm:observe:1006","resource://gre/modules/TelemetryController.jsm:observe:187","resource://gre/modules/TelemetryStartup.jsm:TelemetryStartup.prototype.observe:31"]}] Barrier: profile-before-change-telemetry
1588218053058	Marionette	INFO	Stopped listening on port 53609

###!!! [Child][MessageChannel::SendAndWait] Error: Channel error: cannot send/recv

/PageThumbs.jsm:PageThumbs_init:116","resource:///modules/BrowserGlue.jsm:BG__onFirstWindowLoaded:1651","resource:///modules/BrowserGlue.jsm:BG_observe:854","chrome://browser/content/browser.js:_delayedStartup:2093"]}] Barrier: profile-before-change
1588218058216	Marionette	INFO	Stopped listening on port 53674

###!!! [Child][MessageChannel::SendAndWait] Error: Channel error: cannot send/recv

Message] Error: Channel error: cannot send/recv


###!!! [Parent][RunMessage] Error: Channel error: cannot send/recv

A content process crashed and MOZ_CRASHREPORTERWARNING: At least one completion condition is taking too long to complete. Conditions: [{"name":"CrashMonitor: Writing notifications to file afWARNING: At least one completion condition is taking too long to complete. Conditions: [{"name":"CrashMonitor: Writing notifications to file after receiving profile-before-change","state":"(none)","filename":"resource://gre/modules/CrashMonitor.jsm","lineNumber":176,"stack":["resource://gre/modules/CrashMonitor.jsm:init:176","resource://gre/modules/nsCrashMonitor.jsm:observe:19"]}] Barrier: OS.File: Waiting for clients before profileBeforeChange
WARNING: At least one completion condition is taking too long to complete. Conditions: [{"name":"OS.File: flush I/O queued before profileBeforeChange","state":{"launched":true,"shutdown":false,"worker":true,"pendingReset":false,"latestSent":["Thu Apr 30 2020 09:10:37 GMT+0530 (India Standard Time)","remove"],"latestReceived":["Thu Apr 30 2020 09:10:37 GMT+0530 (India Standard Time)",null],"messagesSent":119,"messagesReceived":119,"messagesQueued":119,"DEBUG":false,"clients":[{"name":"CrashMonitor: Writing notifications to file after receiving profile-before-change","state":"(none)","filename":"resource://gre/modules/CrashMonitor.jsm","lineNumber":176,"stack":["resource://gre/modules/CrashMonitor.jsm:init:176","resource://gre/modules/nsCrashMonitor.jsm:observe:19"]}]},"filename":"resource://gre/modules/osfile/osfile_async_front.jsm","lineNumber":1652,"stack":["resource://gre/modules/osfile/osfile_async_front.jsm:setupShutdown:1652","resource://gre/modules/osfile/osfile_async_front.jsm:null:1672","resource://gre/modules/osfile.jsm:null:11","resource://gre/modules/addons/GMPProvider.jsm:null:16","resource://gre/modules/AddonManager.jsm:startup:775","resource://gre/modules/AddonManager.jsm:startup:3482","resource://gre/modules/addonManager.js:observe:87"]},{"name":"Places Connection shutdown","state":{"progress":{}},"filename":"Z:/task_1585933993/build/src/toolkit/components/places/Database.cpp","lineNumber":495,"stack":["resource://gre/modules/nsAsyncShutdown.jsm:addBlocker:162","resource://gre/modules/PlacesUtils.jsm:null:1915","resource://gre/modules/XPCOMUtils.jsm:get:129","resource://gre/modules/PageThumbs.jsm:PageThumbs_init:116","resource:///modules/BrowserGlue.jsm:BG__onFirstWindowLoaded:1651","resWARNING: At least one completion condition is taking too long to complete. Conditions: [{"name":"TelemetryController: shutting down","state":{"1588218058228	Marionette	INFO	Stopped listening on port 53744

###!!! [Child][MessageChannel::SendAndWait] Error: Channel error: cannot send/recv

ingEnabled":false,"pendingPingRequestCount":0,"pendingPingActivityCount":0,"unpersistedPingCount":0,"persistedPingCount":0,"schedulerState":{"shutdown":true,"hasSendTask":false,"sendsFailed":false,"sendTaskState":"bail out - no pings to send","backoffDelay":60000}},"haveDelayedNewProfileTask":false},"filename":"resource://gre/modules/TelemetryController.jsm","lineNumber":866,"stack":["resource://gre/modules/TelemetryController.jsm:setupTelemetry:866","resource://gre/modules/TelemetryController.jsm:observe:1006","resource://gre/modules/TelemetryController.jsm:observe:187","resource://gre/modules/TelemetryStartup.jsm:TelemetryStartup.prototype.observe:31"]}] Barrier: profile-before-change-telemetry
1588218056281	Marionette	INFO	Stopped listening on port 53813

###!!! [Child][MessageChannel::SendAndWait] Error: Channel error: cannot send/recv

rome://browser/content/browser.js:_delayedStartup:2093"]}] Barrier: profile-before-change
WARNING: At least one completion condition is taking too long to complete. Conditions: [{"name":"TelemetryController: shutting down","state":{"initialized":true,"initStarted":true,"haveDelayedInitTask":false,"shutdownBarrier":"Not started","connectionsBarrier":"Not started","sendModule":{"sendingEnabled":false,"pendingPingRequestCount":0,"pendingPingActivityCount":0,"unpersistedPingCount":0,"persistedPingCount":0,"schedulerState":{"shutdown":true,"hasSendTask":false,"sendsFailed":false,"sendTaskState":"bail out - no pings to send","backoffDelay":60000}},"haveDelayedNewProfileTask":false},"filename":"resource://gre/modules/TelemetryController.jsm","lineNumber":866,"stack":["resource://gre/modules/TelemetryController.jsm:setupTelemetry:866","resource://gre/modules/TelemetryController.jsm:observe:1006","resource://gre/modules/TelemetryController.jsm:observe:187","resource://gre/modules/TelemetryStartup.jsm:TelemetryStartup.prototype.observe:31"]}] Barrier: profile-before-change-telemetry
1588218056384	Marionette	INFO	Stopped listening on port 53885

###!!! [Child][MessageChannel::SendAndWait] Error: Channel error: cannot send/recv

ndia Standard Time)","remove"],"latestReceived":["Thu Apr 30 2020 09:10:47 GMT+0530 (India Standard Time)",null],"messagesSent":119,"messagesReceived":119,"messagesQueued":119,"DEBUG":false,"clients":[{"name":"CrashMonitor: Writing notifications to file after receiving profile-before-change","state":"(none)","filename":"resource:WARNING: At least one completion condition is taking too long to complete. Conditions: [{"name":"TelemetryController: shutting down","state":{"initialized":true,"initStarted":true,"haveDelayedInitTask":false,"shutdownBarrier":"Not started","connectionsBarrier":"Not started","sendModule":{"sendingEnabled":false,"pendingPingRequestCount":0,"pendingPingActivityCount":0,"unpersistedPingCount":0,"persistedPingCount":0,"schedulerState":{"shutdown":true,"hasSendTask":false,"sendsFailed":false,"sendTaskState":"bail out - no pings to send","backoffDelay":60000}},"haveDelayedNewProfileTask":false},"filename":"resource://gre/modules/TelemetryController.jsm","lineNumber":866,"stack":["resource://gre1588218058217	Marionette	INFO	Stopped listening on port 54037

###!!! [Child][MessageChannel::SendAndWait] Error: Channel error: cannot send/recv

troller.jsm:observe:187","resource://gre/modules/TelemetryStartup.jsm:TelemetryStartup.prototype.observe:31"]}] Barrier: profile-before-change-telemetry
1588218051588218061585	Marionette	INFO	Stopped listening on port 54129

###!!! [Child][RunMessage] Error: Channel closing: too late to send/recv, messages will be lost


###!!! [Child][MessageChannel::SendAndWait] Error: Channel error: cannot send/recv

Listening on port 54205
1588217939188	Marionette	WARN	TLS certificate errors will be ignored for this session

###!!! [Child][RunMessage] Error: Channel closing: too late to send/recv, messages will be lost

1588218124701	Marionette	INFO	Stopped listening on port 54205

###!!! [Child][RunMessage] Error: Channel closing: too late to send/recv, messages will be lost


###!!! [Child][MessageChannel::SendAndWait] Error: Channel error: cannot send/recv

lid extension permission: networkStatus
1588218052551	addons.webextension.screenshots@mozilla.org	WARN	Loading extension 'screenshots@mozilla.org': Reading manifest: Invalid extension permission: mozillaAddons
1588218052551	addons.webextension.screenshots@mozilla.org	WARN	Loading extension 'screenshots@mozilla.org': Reading manifest: Invalid extension permission: telemetry
1588218052551	addons.webextension.screenshots@mozilla.org	WARN	Loading extension 'screenshots@mozilla.org': Reading manifest: Invalid extension permission: resource://pdf.js/
1588218052551	addons.webextension.screenshots@mozilla.org	WARN	Loading extension 'screenshots@mozilla.org': Reading manifest: Invalid extension permission: about:reader*
JavaScript error: resource://gre/modules/XULStore.jsm, line 66: Error: Can't find profile directory.
1588218069935	Marionette	INFO	Listening on port 54295
1588218122392	Marionette	INFO	Stopped listening on port 54295

###!!! [Child][RunMessage] Error: Channel closing: too late to send/recv, messages will be lost


###!!! [Child][MessageChannel::SendAndWait] Error: Channel error: cannot send/recv

1588218410280	mozrunner::runner	INFO	Running command: "C:\\Program Files\\Mozilla Firefox\\firefox.exe" "-marionette" "-foreground" "-no-remote" "-profile" "C:\\Users\\NILESH~1\\AppData\\Local\\Temp\\rust_mozprofileI3gmff"
1588218411179	addons.webextension.doh-rollout@mozilla.org	WARN	Loading extension 'doh-rollout@mozilla.org': Reading manifest: Invalid extension permission: networkStatus
1588218413709	addons.webextension.screenshots@mozilla.org	WARN	Loading extension 'screenshots@mozilla.org': Reading manifest: Invalid extension permission: mozillaAddons
1588218413710	addons.webextension.screenshots@mozilla.org	WARN	Loading extension 'screenshots@mozilla.org': Reading manifest: Invalid extension permission: telemetry
1588218413710	addons.webextension.screenshots@mozilla.org	WARN	Loading extension 'screenshots@mozilla.org': Reading manifest: Invalid extension permission: resource://pdf.js/
1588218413710	addons.webextension.screenshots@mozilla.org	WARN	Loading extension 'screenshots@mozilla.org': Reading manifest: Invalid extension permission: about:reader*
JavaScript error: resource://gre/modules/XULStore.jsm, line 66: Error: Can't find profile directory.
1588218416574	Marionette	INFO	Listening on port 54406
1588218416630	Marionette	WARN	TLS certificate errors will be ignored for this session
1588218461633	Marionette	INFO	Stopped listening on port 54406

###!!! [Child][RunMessage] Error: Channel closing: too late to send/recv, messages will be lost


###!!! [Child][MessageChannel::SendAndWait] Error: Channel error: cannot send/recv

sion.doh-rollout@mozilla.org	WARN	Loading extension 'doh-rollout@mozilla.org': Reading manifest: Invalid extension permission: networkStatus
1588218442420	addons.webextension.screenshots@mozilla.org	WARN	Loading extension 'screenshots@mozilla.org': Reading manifest: Invalid extension permission: mozillaAddons
1588218442420	addons.webextension.screenshots@mozilla.org	WARN	Loading extension 'screenshots@mozilla.org': Reading manifest: Invalid extension permission: telemetry
1588218442421	addons.webextension.screenshots@mozilla.org	WARN	Loading extension 'screenshots@mozilla.org': Reading manifest: Invalid extension permission: resource://pdf.js/
1588218442421	addons.webextension.screenshots@mozilla.org	WARN	Loading extension 'screenshots@mozilla.org': Reading manifest: Invalid extension permission: about:reader*
JavaScript error: resource://gre/modules/XULStore.jsm, line 66: Error: Can't find profile directory.
1588218446158	Marionette	INFO	Listening on port 54474
1588218446372	Marionette	WARN	TLS certificate errors will be ignored for this session
1588218496178	Marionette	INFO	Stopped listening on port 54474

###!!! [Child][RunMessage] Error: Channel closing: too late to send/recv, messages will be lost


###!!! [Child][MessageChannel::SendAndWait] Error: Channel error: cannot send/recv

sion.doh-rollout@mozilla.org	WARN	Loading extension 'doh-rollout@mozilla.org': Reading manifest: Invalid extension permission: networkStatus
1588218474001	addons.webextension.screenshots@mozilla.org	WARN	Loading extension 'screenshots@mozilla.org': Reading manifest: Invalid extension permission: mozillaAddons
1588218474001	addons.webextension.screenshots@mozilla.org	WARN	Loading extension 'screenshots@mozilla.org': Reading manifest: Invalid extension permission: telemetry
1588218474001	addons.webextension.screenshots@mozilla.org	WARN	Loading extension 'screenshots@mozilla.org': Reading manifest: Invalid extension permission: resource://pdf.js/
1588218474002	addons.webextension.screenshots@mozilla.org	WARN	Loading extension 'screenshots@mozilla.org': Reading manifest: Invalid extension permission: about:reader*
JavaScript error: resource://gre/modules/XULStore.jsm, line 66: Error: Can't find profile directory.
1588218476721	Marionette	INFO	Listening on port 54544
1588218477051	Marionette	WARN	TLS certificate errors will be ignored for this session
1588218524036	Marionette	INFO	Stopped listening on port 54544

###!!! [Child][RunMessage] Error: Channel closing: too late to send/recv, messages will be lost


###!!! [Child][MessageChannel::SendAndWait] Error: Channel error: cannot send/recv

sion.doh-rollout@mozilla.org	WARN	Loading extension 'doh-rollout@mozilla.org': Reading manifest: Invalid extension permission: networkStatus
1588218505058	addons.webextension.screenshots@mozilla.org	WARN	Loading extension 'screenshots@mozilla.org': Reading manifest: Invalid extension permission: mozillaAddons
1588218505058	addons.webextension.screenshots@mozilla.org	WARN	Loading extension 'screenshots@mozilla.org': Reading manifest: Invalid extension permission: telemetry
1588218505058	addons.webextension.screenshots@mozilla.org	WARN	Loading extension 'screenshots@mozilla.org': Reading manifest: Invalid extension permission: resource://pdf.js/
1588218505058	addons.webextension.screenshots@mozilla.org	WARN	Loading extension 'screenshots@mozilla.org': Reading manifest: Invalid extension permission: about:reader*
JavaScript error: resource://gre/modules/XULStore.jsm, line 66: Error: Can't find profile directory.
1588218507999	Marionette	INFO	Listening on port 54609
1588218508463	Marionette	WARN	TLS certificate errors will be ignored for this session

###!!! [Child][MessageChannel] Error: (msgtype=0x580011,name=PHttpChannel::Msg___delete__) Channel closing: too late to send/recv, messages will be lost

JavaScript error: , line 0: AbortError: A request was aborted, for example through a call to IDBTransaction.abort.
1588218559898	Marionette	INFO	Stopped listening on port 54609

###!!! [Child][RunMessage] Error: Channel closing: too late to send/recv, messages will be lost


###!!! [Child][MessageChannel::SendAndWait] Error: Channel error: cannot send/recv

d extension permission: mozillaAddons
1588218538295	addons.webextension.screenshots@mozilla.org	WARN	Loading extension 'screenshots@mozilla.org': Reading manifest: Invalid extension permission: telemetry
1588218538295	addons.webextension.screenshots@mozilla.org	WARN	Loading extension 'screenshots@mozilla.org': Reading manifest: Invalid extension permission: resource://pdf.js/
1588218538296	addons.webextension.screenshots@mozilla.org	WARN	Loading extension 'screenshots@mozilla.org': Reading manifest: Invalid extension permission: about:reader*
JavaScript error: resource://gre/modules/XULStore.jsm, line 66: Error: Can't find profile directory.
1588218541274	Marionette	INFO	Listening on port 54673
1588218541504	Marionette	WARN	TLS certificate errors will be ignored for this session
1588218581914	Marionette	INFO	Stopped listening on port 54673

###!!! [Child][RunMessage] Error: Channel closing: too late to send/recv, messages will be lost


###!!! [Child][MessageChannel::SendAndWait] Error: Channel error: cannot send/recv

sion.doh-rollout@mozilla.org	WARN	Loading extension 'doh-rollout@mozilla.org': Reading manifest: Invalid extension permission: networkStatus
1588218568051	addons.webextension.screenshots@mozilla.org	WARN	Loading extension 'screenshots@mozilla.org': Reading manifest: Invalid extension permission: mozillaAddons
1588218568051	addons.webextension.screenshots@mozilla.org	WARN	Loading extension 'screenshots@mozilla.org': Reading manifest: Invalid extension permission: telemetry
1588218568051	addons.webextension.screenshots@mozilla.org	WARN	Loading extension 'screenshots@mozilla.org': Reading manifest: Invalid extension permission: resource://pdf.js/
1588218568051	addons.webextension.screenshots@mozilla.org	WARN	Loading extension 'screenshots@mozilla.org': Reading manifest: Invalid extension permission: about:reader*
JavaScript error: resource://gre/modules/XULStore.jsm, line 66: Error: Can't find profile directory.
1588218570906	Marionette	INFO	Listening on port 54738
1588218571249	Marionette	WARN	TLS certificate errors will be ignored for this session
1588218887948	Marionette	INFO	Stopped listening on port 54738

###!!! [Child][RunMessage] Error: Channel closing: too late to send/recv, messages will be lost


###!!! [Child][MessageChannel::SendAndWait] Error: Channel error: cannot send/recv

sion.doh-rollout@mozilla.org	WARN	Loading extension 'doh-rollout@mozilla.org': Reading manifest: Invalid extension permission: networkStatus
1588218597315	addons.webextension.screenshots@mozilla.org	WARN	Loading extension 'screenshots@mozilla.org': Reading manifest: Invalid extension permission: mozillaAddons
1588218597315	addons.webextension.screenshots@mozilla.org	WARN	Loading extension 'screenshots@mozilla.org': Reading manifest: Invalid extension permission: telemetry
1588218597316	addons.webextension.screenshots@mozilla.org	WARN	Loading extension 'screenshots@mozilla.org': Reading manifest: Invalid extension permission: resource://pdf.js/
1588218597316	addons.webextension.screenshots@mozilla.org	WARN	Loading extension 'screenshots@mozilla.org': Reading manifest: Invalid extension permission: about:reader*
JavaScript error: resource://gre/modules/XULStore.jsm, line 66: Error: Can't find profile directory.
1588218600476	Marionette	INFO	Listening on port 54802
1588218600928	Marionette	WARN	TLS certificate errors will be ignored for this session
1588218889840	Marionette	INFO	Stopped listening on port 54802

###!!! [Child][RunMessage] Error: Channel closing: too late to send/recv, messages will be lost


###!!! [Child][MessageChannel::SendAndWait] Error: Channel error: cannot send/recv

sion.doh-rollout@mozilla.org	WARN	Loading extension 'doh-rollout@mozilla.org': Reading manifest: Invalid extension permission: networkStatus
1588218625470	addons.webextension.screenshots@mozilla.org	WARN	Loading extension 'screenshots@mozilla.org': Reading manifest: Invalid extension permission: mozillaAddons
1588218625470	addons.webextension.screenshots@mozilla.org	WARN	Loading extension 'screenshots@mozilla.org': Reading manifest: Invalid extension permission: telemetry
1588218625470	addons.webextension.screenshots@mozilla.org	WARN	Loading extension 'screenshots@mozilla.org': Reading manifest: Invalid extension permission: resource://pdf.js/
1588218625470	addons.webextension.screenshots@mozilla.org	WARN	Loading extension 'screenshots@mozilla.org': Reading manifest: Invalid extension permission: about:reader*
JavaScript error: resource://gre/modules/XULStore.jsm, line 66: Error: Can't find profile directory.
1588218628667	Marionette	INFO	Listening on port 54870
1588218628924	Marionette	WARN	TLS certificate errors will be ignored for this session
1588218890490	Marionette	INFO	Stopped listening on port 54870

###!!! [Child][RunMessage] Error: Channel closing: too late to send/recv, messages will be lost


###!!! [Child][MessageChannel::SendAndWait] Error: Channel error: cannot send/recv

sion.doh-rollout@mozilla.org	WARN	Loading extension 'doh-rollout@mozilla.org': Reading manifest: Invalid extension permission: networkStatus
1588218649565	addons.webextension.screenshots@mozilla.org	WARN	Loading extension 'screenshots@mozilla.org': Reading manifest: Invalid extension permission: mozillaAddons
1588218649565	addons.webextension.screenshots@mozilla.org	WARN	Loading extension 'screenshots@mozilla.org': Reading manifest: Invalid extension permission: telemetry
1588218649565	addons.webextension.screenshots@mozilla.org	WARN	Loading extension 'screenshots@mozilla.org': Reading manifest: Invalid extension permission: resource://pdf.js/
1588218649565	addons.webextension.screenshots@mozilla.org	WARN	Loading extension 'screenshots@mozilla.org': Reading manifest: Invalid extension permission: about:reader*
JavaScript error: resource://gre/modules/XULStore.jsm, line 66: Error: Can't find profile directory.
1588218652186	Marionette	INFO	Listening on port 54937
1588218652318	Marionette	WARN	TLS certificate errors will be ignored for this session
1588218890831	Marionette	INFO	Stopped listening on port 54937

###!!! [Child][RunMessage] Error: Channel closing: too late to send/recv, messages will be lost


###!!! [Child][MessageChannel::SendAndWait] Error: Channel error: cannot send/recv

sion.doh-rollout@mozilla.org	WARN	Loading extension 'doh-rollout@mozilla.org': Reading manifest: Invalid extension permission: networkStatus
1588218673414	addons.webextension.screenshots@mozilla.org	WARN	Loading extension 'screenshots@mozilla.org': Reading manifest: Invalid extension permission: mozillaAddons
1588218673414	addons.webextension.screenshots@mozilla.org	WARN	Loading extension 'screenshots@mozilla.org': Reading manifest: Invalid extension permission: telemetry
1588218673415	addons.webextension.screenshots@mozilla.org	WARN	Loading extension 'screenshots@mozilla.org': Reading manifest: Invalid extension permission: resource://pdf.js/
1588218673415	addons.webextension.screenshots@mozilla.org	WARN	Loading extension 'screenshots@mozilla.org': Reading manifest: Invalid extension permission: about:reader*
JavaScript error: resource://gre/modules/XULStore.jsm, line 66: Error: Can't find profile directory.
1588218675808	Marionette	INFO	Listening on port 55006
1588218676075	Marionette	WARN	TLS certificate errors will be ignored for this session
1588218893190	Marionette	INFO	Stopped listening on port 55006

###!!! [Child][RunMessage] Error: Channel closing: too late to send/recv, messages will be lost


###!!! [Child][MessageChannel::SendAndWait] Error: Channel error: cannot send/recv

sion.doh-rollout@mozilla.org	WARN	Loading extension 'doh-rollout@mozilla.org': Reading manifest: Invalid extension permission: networkStatus
1588218697926	addons.webextension.screenshots@mozilla.org	WARN	Loading extension 'screenshots@mozilla.org': Reading manifest: Invalid extension permission: mozillaAddons
1588218697926	addons.webextension.screenshots@mozilla.org	WARN	Loading extension 'screenshots@mozilla.org': Reading manifest: Invalid extension permission: telemetry
1588218697926	addons.webextension.screenshots@mozilla.org	WARN	Loading extension 'screenshots@mozilla.org': Reading manifest: Invalid extension permission: resource://pdf.js/
1588218697926	addons.webextension.screenshots@mozilla.org	WARN	Loading extension 'screenshots@mozilla.org': Reading manifest: Invalid extension permission: about:reader*
JavaScript error: resource://gre/modules/XULStore.jsm, line 66: Error: Can't find profile directory.
1588218700660	Marionette	INFO	Listening on port 55074
1588218701112	Marionette	WARN	TLS certificate errors will be ignored for this session
1588218894586	Marionette	INFO	Stopped listening on port 55074

###!!! [Child][RunMessage] Error: Channel closing: too late to send/recv, messages will be lost

